<?xml version="1.0" encoding="UTF-8"?>
<!-- Generated by org.testng.reporters.JUnitReportReporter -->
<testsuite hostname="LAPTOP-TOKNQKJ5" failures="0" tests="1" name="TestNg.ClickandHold" time="9.451" errors="0" timestamp="2024-11-06T21:28:00 IST" skipped="0">
  <testcase classname="TestNg.ClickandHold" name="precondition" time="9.451"/>
</testsuite> <!-- TestNg.ClickandHold -->
