<?xml version="1.0" encoding="UTF-8"?>
<!-- Generated by org.testng.reporters.JUnitReportReporter -->
<testsuite hostname="LAPTOP-TOKNQKJ5" failures="0" tests="2" name="TestNg.Group2" time="0.016" errors="0" timestamp="2024-10-17T11:32:22 IST" skipped="0">
  <testcase classname="TestNg.Group2" name="logout" time="0.003"/>
  <testcase classname="TestNg.Group2" name="login" time="0.013"/>
</testsuite> <!-- TestNg.Group2 -->
