<?xml version="1.0" encoding="UTF-8"?>
<!-- Generated by org.testng.reporters.JUnitReportReporter -->
<testsuite hostname="LAPTOP-TOKNQKJ5" failures="0" tests="1" name="TestNg.Group1" time="0.001" errors="0" timestamp="2024-10-17T11:32:22 IST" skipped="0">
  <testcase classname="TestNg.Group1" name="trello" time="0.001"/>
</testsuite> <!-- TestNg.Group1 -->
