<?xml version="1.0" encoding="UTF-8"?>
<!-- Generated by org.testng.reporters.JUnitReportReporter -->
<testsuite hostname="LAPTOP-TOKNQKJ5" failures="0" tests="5" name="webelement.TESTNGprojrct" time="0.020" errors="0" timestamp="2024-10-08T12:03:15 IST" skipped="0">
  <testcase classname="webelement.TESTNGprojrct" name="d" time="0.011"/>
  <testcase classname="webelement.TESTNGprojrct" name="a" time="0.003"/>
  <testcase classname="webelement.TESTNGprojrct" name="c" time="0.002"/>
  <testcase classname="webelement.TESTNGprojrct" name="e" time="0.002"/>
  <testcase classname="webelement.TESTNGprojrct" name="b" time="0.002"/>
</testsuite> <!-- webelement.TESTNGprojrct -->
